<!DOCTYPE html PUBLIC "-//W3C//DTD XHTML 1.1//EN" "https://www.w3.org/TR/xhtml11/DTD/xhtml11.dtd">
<html xmlns="https://www.w3.org/1999/xhtml">
<head>
<meta http-equiv="content-type" content="text/html; charset=UTF-8"/>
<title>TestNG Report</title>
<style type="text/css">table {margin-bottom:10px;border-collapse:collapse;empty-cells:show}th,td {border:1px solid #009;padding:.25em .5em}th {vertical-align:bottom}td {vertical-align:top}table a {font-weight:bold}.stripe td {background-color: #E6EBF9}.num {text-align:right}.passedodd td {background-color: #3F3}.passedeven td {background-color: #0A0}.skippedodd td {background-color: #DDD}.skippedeven td {background-color: #CCC}.failedodd td,.attn {background-color: #F33}.failedeven td,.stripe .attn {background-color: #D00}.stacktrace {white-space:pre;font-family:monospace}.totop {font-size:85%;text-align:center;border-bottom:2px solid #000}.invisible {display:none}</style>
</head>
<body>
<table>
<tr><th>Test</th><th># Passed</th><th># Skipped</th><th># Retried</th><th># Failed</th><th>Time (ms)</th><th>Included Groups</th><th>Excluded Groups</th></tr>
<tr><th colspan="8">regression_cycle</th></tr>
<tr><td><a href="#t0">Test</a></td><td class="num">20</td><td class="num attn">1</td><td class="num">0</td><td class="num attn">5</td><td class="num">868,109</td><td></td><td></td></tr>
</table>
<table id='summary'><thead><tr><th>Class</th><th>Method</th><th>Start</th><th>Time (ms)</th></tr></thead><tbody><tr><th colspan="4">regression_cycle</th></tr></tbody><tbody id="t0"><tr><th colspan="4">Test &#8212; failed (configuration methods)</th></tr><tr class="failedeven"><td rowspan="1">producttest.TestCase_13</td><td><a href="#m0">browserSetup</a></td><td rowspan="1">1746437847248</td><td rowspan="1">3797</td></tr><tr class="failedodd"><td rowspan="1">producttest.TestCase_23</td><td><a href="#m1">closebrowser</a></td><td rowspan="1">1746438497683</td><td rowspan="1">25023</td></tr><tr><th colspan="4">Test &#8212; failed</th></tr><tr class="failedeven"><td rowspan="1">producttest.TestCase_11</td><td><a href="#m2">subscriptionincartpage</a></td><td rowspan="1">1746438009177</td><td rowspan="1">6831</td></tr><tr class="failedodd"><td rowspan="1">producttest.TestCase_14</td><td><a href="#m3">placrOrderRegisterwhileCheckout</a></td><td rowspan="1">1746437722000</td><td rowspan="1">124982</td></tr><tr class="failedeven"><td rowspan="1">producttest.TestCase_22</td><td><a href="#m4">AddtocartfromRecommendeditems</a></td><td rowspan="1">1746438527758</td><td rowspan="1">5380</td></tr><tr class="failedodd"><td rowspan="1">producttest.TestCase_23</td><td><a href="#m5">Verifyaddressdetailsincheckoutpage</a></td><td rowspan="1">1746438314822</td><td rowspan="1">182860</td></tr><tr class="failedeven"><td rowspan="1">producttest.Testcase_10</td><td><a href="#m6">verifysubscriptioninhome</a></td><td rowspan="1">1746438541984</td><td rowspan="1">6490</td></tr><tr><th colspan="4">Test &#8212; skipped (configuration methods)</th></tr><tr class="skippedeven"><td rowspan="1">producttest.TestCase_13</td><td><a href="#m7">closebrowser</a></td><td rowspan="1">1746437851068</td><td rowspan="1">0</td></tr><tr><th colspan="4">Test &#8212; skipped</th></tr><tr class="skippedeven"><td rowspan="1">producttest.TestCase_13</td><td><a href="#m8">productQtyInCart</a></td><td rowspan="1">1746437851053</td><td rowspan="1">0</td></tr><tr><th colspan="4">Test &#8212; passed</th></tr><tr class="passedeven"><td rowspan="1">producttest.TestCase_01</td><td><a href="#m9">RegisterUser</a></td><td rowspan="1">1746438301807</td><td rowspan="1">1</td></tr><tr class="passedodd"><td rowspan="1">producttest.TestCase_02</td><td><a href="#m10">login_with_valid_credentials</a></td><td rowspan="1">1746438164124</td><td rowspan="1">4</td></tr><tr class="passedeven"><td rowspan="1">producttest.TestCase_03</td><td><a href="#m11">login_with_invalid_credentials</a></td><td rowspan="1">1746438115400</td><td rowspan="1">2</td></tr><tr class="passedodd"><td rowspan="1">producttest.TestCase_04</td><td><a href="#m12">logout</a></td><td rowspan="1">1746438238221</td><td rowspan="1">2</td></tr><tr class="passedeven"><td rowspan="1">producttest.TestCase_05</td><td><a href="#m13">Register_with_exist_email</a></td><td rowspan="1">1746438209207</td><td rowspan="1">1</td></tr><tr class="passedodd"><td rowspan="1">producttest.TestCase_06</td><td><a href="#m14">ContactUsForm</a></td><td rowspan="1">1746438553287</td><td rowspan="1">4</td></tr><tr class="passedeven"><td rowspan="1">producttest.TestCase_07</td><td><a href="#m15">testcasepage</a></td><td rowspan="1">1746438537730</td><td rowspan="1">3</td></tr><tr class="passedodd"><td rowspan="1">producttest.TestCase_08</td><td><a href="#m16">allproductdetails</a></td><td rowspan="1">1746438560799</td><td rowspan="1">1</td></tr><tr class="passedeven"><td rowspan="1">producttest.TestCase_09</td><td><a href="#m17">searchproduct</a></td><td rowspan="1">1746438557920</td><td rowspan="1">1</td></tr><tr class="passedodd"><td rowspan="1">producttest.TestCase_12</td><td><a href="#m18">addProductInCart</a></td><td rowspan="1">1746437963079</td><td rowspan="1">31509</td></tr><tr class="passedeven"><td rowspan="1">producttest.TestCase_15</td><td><a href="#m19">RegisterbeforeCheckout</a></td><td rowspan="1">1746437914405</td><td rowspan="1">2</td></tr><tr class="passedodd"><td rowspan="1">producttest.TestCase_16</td><td><a href="#m20">LoginbeforeCheckout</a></td><td rowspan="1">1746437894288</td><td rowspan="1">6</td></tr><tr class="passedeven"><td rowspan="1">producttest.TestCase_17</td><td><a href="#m21">RemoveProductsFromCart</a></td><td rowspan="1">1746438076322</td><td rowspan="1">1</td></tr><tr class="passedodd"><td rowspan="1">producttest.TestCase_18</td><td><a href="#m22">ViewCategoryProducts</a></td><td rowspan="1">1746438045760</td><td rowspan="1">1</td></tr><tr class="passedeven"><td rowspan="1">producttest.TestCase_19</td><td><a href="#m23">ViewCartBrandProducts</a></td><td rowspan="1">1746438093315</td><td rowspan="1">1</td></tr><tr class="passedodd"><td rowspan="1">producttest.TestCase_20</td><td><a href="#m24">SearchProductsandVerifyCartAfterLogin</a></td><td rowspan="1">1746438284705</td><td rowspan="1">2</td></tr><tr class="passedeven"><td rowspan="1">producttest.TestCase_21</td><td><a href="#m25">Addreviewonproduct</a></td><td rowspan="1">1746438273844</td><td rowspan="1">1</td></tr><tr class="passedodd"><td rowspan="1">producttest.TestCase_24</td><td><a href="#m26">DownloadInvoiceafterpurchaseorder</a></td><td rowspan="1">1746438178131</td><td rowspan="1">10813</td></tr><tr class="passedeven"><td rowspan="1">producttest.TestCase_25</td><td><a href="#m27">m1</a></td><td rowspan="1">1746438145247</td><td rowspan="1">4277</td></tr><tr class="passedodd"><td rowspan="1">producttest.TestCase_26</td><td><a href="#m28">VerifyScrollUpwithoutArrowbuttonandScrollDownfunctionality</a></td><td rowspan="1">1746438254566</td><td rowspan="1">2608</td></tr></tbody>
</table>
<h2>Test</h2><h3 id="m0">producttest.TestCase_13#browserSetup</h3><table class="result"><tr><th>Exception</th></tr><tr><td><div class="stacktrace">org.openqa.selenium.WebDriverException: target frame detached
  (failed to check if window was closed: disconnected: Unable to receive message from renderer)
  (Session info: chrome=136.0.7103.48)
Build info: version: &apos;4.13.0&apos;, revision: &apos;ba948ece5b*&apos;
System info: os.name: &apos;Windows 10&apos;, os.arch: &apos;amd64&apos;, os.version: &apos;10.0&apos;, java.version: &apos;23.0.1&apos;
Driver info: org.openqa.selenium.chrome.ChromeDriver
Command: [c072116e0ce423b1538939bb12cfab4d, get {url=http://automationexercise.com}]
Capabilities {acceptInsecureCerts: false, browserName: chrome, browserVersion: 136.0.7103.48, chrome: {chromedriverVersion: 136.0.7103.49 (031848bc6ad0..., userDataDir: C:\Users\DELL\AppData\Local...}, fedcm:accounts: true, goog:chromeOptions: {debuggerAddress: localhost:54099}, networkConnectionEnabled: false, pageLoadStrategy: normal, platformName: windows, proxy: Proxy(), se:cdp: ws://localhost:54099/devtoo..., se:cdpVersion: 136.0.7103.48, setWindowRect: true, strictFileInteractability: false, timeouts: {implicit: 0, pageLoad: 300000, script: 30000}, unhandledPromptBehavior: dismiss and notify, webauthn:extension:credBlob: true, webauthn:extension:largeBlob: true, webauthn:extension:minPinLength: true, webauthn:extension:prf: true, webauthn:virtualAuthenticators: true}
Session ID: c072116e0ce423b1538939bb12cfab4d
	at org.openqa.selenium.remote.codec.w3c.W3CHttpResponseCodec.createException(W3CHttpResponseCodec.java:200)
	at org.openqa.selenium.remote.codec.w3c.W3CHttpResponseCodec.decode(W3CHttpResponseCodec.java:133)
	at org.openqa.selenium.remote.codec.w3c.W3CHttpResponseCodec.decode(W3CHttpResponseCodec.java:52)
	at org.openqa.selenium.remote.HttpCommandExecutor.execute(HttpCommandExecutor.java:191)
	at org.openqa.selenium.remote.service.DriverCommandExecutor.invokeExecute(DriverCommandExecutor.java:196)
	at org.openqa.selenium.remote.service.DriverCommandExecutor.execute(DriverCommandExecutor.java:171)
	at org.openqa.selenium.remote.RemoteWebDriver.execute(RemoteWebDriver.java:602)
	at org.openqa.selenium.remote.RemoteWebDriver.get(RemoteWebDriver.java:304)
	at genericrepository.BasicConfiguration.browserSetup(BasicConfiguration.java:58)
	at java.base/java.util.ArrayList.forEach(ArrayList.java:1597)
... Removed 26 stack frames</div></td></tr></table><p class="totop"><a href="#summary">back to summary</a></p>
<h3 id="m1">producttest.TestCase_23#closebrowser</h3><table class="result"><tr><th>Exception</th></tr><tr><td><div class="stacktrace">org.openqa.selenium.WebDriverException: Timed out waiting for driver server to stop.
Build info: version: &apos;4.13.0&apos;, revision: &apos;ba948ece5b*&apos;
System info: os.name: &apos;Windows 10&apos;, os.arch: &apos;amd64&apos;, os.version: &apos;10.0&apos;, java.version: &apos;23.0.1&apos;
Driver info: org.openqa.selenium.chrome.ChromeDriver
Command: [e594843923a6063134a4589a192c82c9, quit {}]
Capabilities {acceptInsecureCerts: false, browserName: chrome, browserVersion: 136.0.7103.48, chrome: {chromedriverVersion: 136.0.7103.49 (031848bc6ad0..., userDataDir: C:\Users\DELL\AppData\Local...}, fedcm:accounts: true, goog:chromeOptions: {debuggerAddress: localhost:54819}, networkConnectionEnabled: false, pageLoadStrategy: normal, platformName: windows, proxy: Proxy(), se:cdp: ws://localhost:54819/devtoo..., se:cdpVersion: 136.0.7103.48, setWindowRect: true, strictFileInteractability: false, timeouts: {implicit: 0, pageLoad: 300000, script: 30000}, unhandledPromptBehavior: dismiss and notify, webauthn:extension:credBlob: true, webauthn:extension:largeBlob: true, webauthn:extension:minPinLength: true, webauthn:extension:prf: true, webauthn:virtualAuthenticators: true}
Session ID: e594843923a6063134a4589a192c82c9
	at org.openqa.selenium.remote.service.DriverCommandExecutor.execute(DriverCommandExecutor.java:161)
	at org.openqa.selenium.remote.RemoteWebDriver.execute(RemoteWebDriver.java:602)
	at org.openqa.selenium.remote.RemoteWebDriver.execute(RemoteWebDriver.java:675)
	at org.openqa.selenium.remote.RemoteWebDriver.execute(RemoteWebDriver.java:679)
	at org.openqa.selenium.remote.RemoteWebDriver.quit(RemoteWebDriver.java:437)
	at org.openqa.selenium.chromium.ChromiumDriver.quit(ChromiumDriver.java:351)
	at genericrepository.BasicConfiguration.closebrowser(BasicConfiguration.java:72)
	at java.base/java.util.ArrayList.forEach(ArrayList.java:1597)
Caused by: java.util.concurrent.ExecutionException: org.openqa.selenium.TimeoutException: Process timed out after waiting for 20000 ms.
Build info: version: &apos;4.13.0&apos;, revision: &apos;ba948ece5b*&apos;
System info: os.name: &apos;Windows 10&apos;, os.arch: &apos;amd64&apos;, os.version: &apos;10.0&apos;, java.version: &apos;23.0.1&apos;
Driver info: driver.version: unknown
	at java.base/java.util.concurrent.CompletableFuture.wrapInExecutionException(CompletableFuture.java:345)
	at java.base/java.util.concurrent.CompletableFuture.reportGet(CompletableFuture.java:440)
	at java.base/java.util.concurrent.CompletableFuture.get(CompletableFuture.java:2140)
	at org.openqa.selenium.remote.service.DriverCommandExecutor.execute(DriverCommandExecutor.java:157)
	... 31 more
Caused by: org.openqa.selenium.TimeoutException: Process timed out after waiting for 20000 ms.
Build info: version: &apos;4.13.0&apos;, revision: &apos;ba948ece5b*&apos;
System info: os.name: &apos;Windows 10&apos;, os.arch: &apos;amd64&apos;, os.version: &apos;10.0&apos;, java.version: &apos;23.0.1&apos;
Driver info: driver.version: unknown
	at org.openqa.selenium.os.OsProcess.waitFor(OsProcess.java:183)
	at org.openqa.selenium.os.CommandLine.waitFor(CommandLine.java:117)
	at org.openqa.selenium.remote.service.DriverCommandExecutor.lambda$execute$2(DriverCommandExecutor.java:148)
	at java.base/java.util.concurrent.CompletableFuture$AsyncSupply.run(CompletableFuture.java:1812)
	at java.base/java.util.concurrent.ThreadPoolExecutor.runWorker(ThreadPoolExecutor.java:1144)
	at java.base/java.util.concurrent.ThreadPoolExecutor$Worker.run(ThreadPoolExecutor.java:642)
	at java.base/java.lang.Thread.run(Thread.java:1575)
... Removed 24 stack frames</div></td></tr></table><p class="totop"><a href="#summary">back to summary</a></p>
<h3 id="m2">producttest.TestCase_11#subscriptionincartpage</h3><table class="result"><tr><th>Exception</th></tr><tr><td><div class="stacktrace">java.lang.NullPointerException: Cannot invoke &quot;org.openqa.selenium.WebElement.click()&quot; because the return value of &quot;pagerepository_A.HomePage.getsubscribe()&quot; is null
	at producttest.TestCase_11.subscriptionincartpage(TestCase_11.java:28)
	at java.base/java.util.ArrayList.forEach(ArrayList.java:1597)
... Removed 25 stack frames</div></td></tr></table><p class="totop"><a href="#summary">back to summary</a></p>
<h3 id="m3">producttest.TestCase_14#placrOrderRegisterwhileCheckout</h3><table class="result"><tr><th>Exception</th></tr><tr><td><div class="stacktrace">org.openqa.selenium.NoSuchWindowException: no such window: target window already closed
from unknown error: web view not found
  (Session info: chrome=136.0.7103.48)
Build info: version: &apos;4.13.0&apos;, revision: &apos;ba948ece5b*&apos;
System info: os.name: &apos;Windows 10&apos;, os.arch: &apos;amd64&apos;, os.version: &apos;10.0&apos;, java.version: &apos;23.0.1&apos;
Driver info: org.openqa.selenium.chrome.ChromeDriver
Command: [b915ae35ab44a6d4766dcf8a67ed31cc, findElement {using=xpath, value=(//button[@type=&quot;submit&quot;])[2]}]
Capabilities {acceptInsecureCerts: false, browserName: chrome, browserVersion: 136.0.7103.48, chrome: {chromedriverVersion: 136.0.7103.49 (031848bc6ad0..., userDataDir: C:\Users\DELL\AppData\Local...}, fedcm:accounts: true, goog:chromeOptions: {debuggerAddress: localhost:53946}, networkConnectionEnabled: false, pageLoadStrategy: normal, platformName: windows, proxy: Proxy(), se:cdp: ws://localhost:53946/devtoo..., se:cdpVersion: 136.0.7103.48, setWindowRect: true, strictFileInteractability: false, timeouts: {implicit: 0, pageLoad: 300000, script: 30000}, unhandledPromptBehavior: dismiss and notify, webauthn:extension:credBlob: true, webauthn:extension:largeBlob: true, webauthn:extension:minPinLength: true, webauthn:extension:prf: true, webauthn:virtualAuthenticators: true}
Session ID: b915ae35ab44a6d4766dcf8a67ed31cc
	at org.openqa.selenium.remote.codec.w3c.W3CHttpResponseCodec.createException(W3CHttpResponseCodec.java:200)
	at org.openqa.selenium.remote.codec.w3c.W3CHttpResponseCodec.decode(W3CHttpResponseCodec.java:133)
	at org.openqa.selenium.remote.codec.w3c.W3CHttpResponseCodec.decode(W3CHttpResponseCodec.java:52)
	at org.openqa.selenium.remote.HttpCommandExecutor.execute(HttpCommandExecutor.java:191)
	at org.openqa.selenium.remote.service.DriverCommandExecutor.invokeExecute(DriverCommandExecutor.java:196)
	at org.openqa.selenium.remote.service.DriverCommandExecutor.execute(DriverCommandExecutor.java:171)
	at org.openqa.selenium.remote.RemoteWebDriver.execute(RemoteWebDriver.java:602)
	at org.openqa.selenium.remote.ElementLocation$ElementFinder$2.findElement(ElementLocation.java:165)
	at org.openqa.selenium.remote.ElementLocation.findElement(ElementLocation.java:59)
	at org.openqa.selenium.remote.RemoteWebDriver.findElement(RemoteWebDriver.java:359)
	at org.openqa.selenium.remote.RemoteWebDriver.findElement(RemoteWebDriver.java:353)
	at org.openqa.selenium.support.pagefactory.DefaultElementLocator.findElement(DefaultElementLocator.java:68)
	at org.openqa.selenium.support.pagefactory.internal.LocatingElementHandler.invoke(LocatingElementHandler.java:38)
	at jdk.proxy2/jdk.proxy2.$Proxy16.isDisplayed(Unknown Source)
	at producttest.TestCase_14.placrOrderRegisterwhileCheckout(TestCase_14.java:74)
	at java.base/java.util.ArrayList.forEach(ArrayList.java:1597)
... Removed 28 stack frames</div></td></tr></table><p class="totop"><a href="#summary">back to summary</a></p>
<h3 id="m4">producttest.TestCase_22#AddtocartfromRecommendeditems</h3><table class="result"><tr><th>Exception</th></tr><tr><td><div class="stacktrace">org.openqa.selenium.ElementClickInterceptedException: element click intercepted: Element &lt;a href=&quot;/view_cart&quot;&gt;...&lt;/a&gt; is not clickable at point (734, 10). Other element would receive the click: &lt;div id=&quot;cartModal&quot; class=&quot;modal show&quot;&gt;...&lt;/div&gt;
  (Session info: chrome=136.0.7103.48)
Build info: version: &apos;4.13.0&apos;, revision: &apos;ba948ece5b*&apos;
System info: os.name: &apos;Windows 10&apos;, os.arch: &apos;amd64&apos;, os.version: &apos;10.0&apos;, java.version: &apos;23.0.1&apos;
Driver info: org.openqa.selenium.chrome.ChromeDriver
Command: [abca4ab26df2acb24c21dd2986be0963, clickElement {id=f.6254E4A060549CBE6D6251B1F96F87DD.d.6E1F60487E57B3E38ED50CC2222E51F7.e.53}]
Capabilities {acceptInsecureCerts: false, browserName: chrome, browserVersion: 136.0.7103.48, chrome: {chromedriverVersion: 136.0.7103.49 (031848bc6ad0..., userDataDir: C:\Users\DELL\AppData\Local...}, fedcm:accounts: true, goog:chromeOptions: {debuggerAddress: localhost:63709}, networkConnectionEnabled: false, pageLoadStrategy: normal, platformName: windows, proxy: Proxy(), se:cdp: ws://localhost:63709/devtoo..., se:cdpVersion: 136.0.7103.48, setWindowRect: true, strictFileInteractability: false, timeouts: {implicit: 0, pageLoad: 300000, script: 30000}, unhandledPromptBehavior: dismiss and notify, webauthn:extension:credBlob: true, webauthn:extension:largeBlob: true, webauthn:extension:minPinLength: true, webauthn:extension:prf: true, webauthn:virtualAuthenticators: true}
Element: [[ChromeDriver: chrome on windows (abca4ab26df2acb24c21dd2986be0963)] -&gt; xpath: //a[text()=&apos; Cart&apos;]]
Session ID: abca4ab26df2acb24c21dd2986be0963
	at org.openqa.selenium.remote.codec.w3c.W3CHttpResponseCodec.createException(W3CHttpResponseCodec.java:200)
	at org.openqa.selenium.remote.codec.w3c.W3CHttpResponseCodec.decode(W3CHttpResponseCodec.java:133)
	at org.openqa.selenium.remote.codec.w3c.W3CHttpResponseCodec.decode(W3CHttpResponseCodec.java:52)
	at org.openqa.selenium.remote.HttpCommandExecutor.execute(HttpCommandExecutor.java:191)
	at org.openqa.selenium.remote.service.DriverCommandExecutor.invokeExecute(DriverCommandExecutor.java:196)
	at org.openqa.selenium.remote.service.DriverCommandExecutor.execute(DriverCommandExecutor.java:171)
	at org.openqa.selenium.remote.RemoteWebDriver.execute(RemoteWebDriver.java:602)
	at org.openqa.selenium.remote.RemoteWebElement.execute(RemoteWebElement.java:224)
	at org.openqa.selenium.remote.RemoteWebElement.click(RemoteWebElement.java:77)
	at org.openqa.selenium.support.pagefactory.internal.LocatingElementHandler.invoke(LocatingElementHandler.java:51)
	at jdk.proxy2/jdk.proxy2.$Proxy16.click(Unknown Source)
	at producttest.TestCase_22.AddtocartfromRecommendeditems(TestCase_22.java:53)
	at java.base/java.util.ArrayList.forEach(ArrayList.java:1597)
... Removed 30 stack frames</div></td></tr></table><p class="totop"><a href="#summary">back to summary</a></p>
<h3 id="m5">producttest.TestCase_23#Verifyaddressdetailsincheckoutpage</h3><table class="result"><tr><th>Messages</th></tr><tr><td><div class="messages">testcase 23</div></td></tr><tr><th>Exception</th></tr><tr><td><div class="stacktrace">org.openqa.selenium.TimeoutException: java.util.concurrent.TimeoutException
Build info: version: &apos;4.13.0&apos;, revision: &apos;ba948ece5b*&apos;
System info: os.name: &apos;Windows 10&apos;, os.arch: &apos;amd64&apos;, os.version: &apos;10.0&apos;, java.version: &apos;23.0.1&apos;
Driver info: org.openqa.selenium.chrome.ChromeDriver
Command: [e594843923a6063134a4589a192c82c9, findElement {using=id, value=password}]
Capabilities {acceptInsecureCerts: false, browserName: chrome, browserVersion: 136.0.7103.48, chrome: {chromedriverVersion: 136.0.7103.49 (031848bc6ad0..., userDataDir: C:\Users\DELL\AppData\Local...}, fedcm:accounts: true, goog:chromeOptions: {debuggerAddress: localhost:54819}, networkConnectionEnabled: false, pageLoadStrategy: normal, platformName: windows, proxy: Proxy(), se:cdp: ws://localhost:54819/devtoo..., se:cdpVersion: 136.0.7103.48, setWindowRect: true, strictFileInteractability: false, timeouts: {implicit: 0, pageLoad: 300000, script: 30000}, unhandledPromptBehavior: dismiss and notify, webauthn:extension:credBlob: true, webauthn:extension:largeBlob: true, webauthn:extension:minPinLength: true, webauthn:extension:prf: true, webauthn:virtualAuthenticators: true}
Session ID: e594843923a6063134a4589a192c82c9
	at org.openqa.selenium.remote.http.netty.NettyHttpHandler.makeCall(NettyHttpHandler.java:65)
	at org.openqa.selenium.remote.http.AddSeleniumUserAgent.lambda$apply$0(AddSeleniumUserAgent.java:42)
	at org.openqa.selenium.remote.http.Filter.lambda$andFinally$1(Filter.java:55)
	at org.openqa.selenium.remote.http.netty.NettyHttpHandler.execute(NettyHttpHandler.java:48)
	at org.openqa.selenium.remote.http.netty.NettyClient.execute(NettyClient.java:96)
	at org.openqa.selenium.remote.HttpCommandExecutor.execute(HttpCommandExecutor.java:188)
	at org.openqa.selenium.remote.service.DriverCommandExecutor.invokeExecute(DriverCommandExecutor.java:196)
	at org.openqa.selenium.remote.service.DriverCommandExecutor.execute(DriverCommandExecutor.java:171)
	at org.openqa.selenium.remote.RemoteWebDriver.execute(RemoteWebDriver.java:602)
	at org.openqa.selenium.remote.ElementLocation$ElementFinder$2.findElement(ElementLocation.java:165)
	at org.openqa.selenium.remote.ElementLocation.findElement(ElementLocation.java:66)
	at org.openqa.selenium.remote.RemoteWebDriver.findElement(RemoteWebDriver.java:359)
	at org.openqa.selenium.remote.RemoteWebDriver.findElement(RemoteWebDriver.java:353)
	at org.openqa.selenium.support.pagefactory.DefaultElementLocator.findElement(DefaultElementLocator.java:68)
	at org.openqa.selenium.support.pagefactory.internal.LocatingElementHandler.invoke(LocatingElementHandler.java:38)
	at jdk.proxy2/jdk.proxy2.$Proxy16.sendKeys(Unknown Source)
	at producttest.TestCase_23.Verifyaddressdetailsincheckoutpage(TestCase_23.java:49)
	at java.base/java.util.ArrayList.forEach(ArrayList.java:1597)
Caused by: java.util.concurrent.TimeoutException
	at java.base/java.util.concurrent.CompletableFuture.timedGet(CompletableFuture.java:2004)
	at java.base/java.util.concurrent.CompletableFuture.get(CompletableFuture.java:2139)
	at org.asynchttpclient.netty.NettyResponseFuture.get(NettyResponseFuture.java:206)
	at org.openqa.selenium.remote.http.netty.NettyHttpHandler.makeCall(NettyHttpHandler.java:59)
	... 42 more
... Removed 25 stack frames</div></td></tr></table><p class="totop"><a href="#summary">back to summary</a></p>
<h3 id="m6">producttest.Testcase_10#verifysubscriptioninhome</h3><table class="result"><tr><th>Exception</th></tr><tr><td><div class="stacktrace">java.lang.NullPointerException: Cannot invoke &quot;org.openqa.selenium.WebElement.click()&quot; because the return value of &quot;pagerepository_A.HomePage.getsubscribe()&quot; is null
	at producttest.Testcase_10.verifysubscriptioninhome(Testcase_10.java:32)
	at java.base/java.util.ArrayList.forEach(ArrayList.java:1597)
... Removed 25 stack frames</div></td></tr></table><p class="totop"><a href="#summary">back to summary</a></p>
<h3 id="m7">producttest.TestCase_13#closebrowser</h3><table class="result"><tr><th class="invisible"/></tr></table><p class="totop"><a href="#summary">back to summary</a></p>
<h3 id="m8">producttest.TestCase_13#productQtyInCart</h3><table class="result"><tr><th>Exception</th></tr><tr><td><div class="stacktrace">org.openqa.selenium.WebDriverException: target frame detached
  (failed to check if window was closed: disconnected: Unable to receive message from renderer)
  (Session info: chrome=136.0.7103.48)
Build info: version: &apos;4.13.0&apos;, revision: &apos;ba948ece5b*&apos;
System info: os.name: &apos;Windows 10&apos;, os.arch: &apos;amd64&apos;, os.version: &apos;10.0&apos;, java.version: &apos;23.0.1&apos;
Driver info: org.openqa.selenium.chrome.ChromeDriver
Command: [c072116e0ce423b1538939bb12cfab4d, get {url=http://automationexercise.com}]
Capabilities {acceptInsecureCerts: false, browserName: chrome, browserVersion: 136.0.7103.48, chrome: {chromedriverVersion: 136.0.7103.49 (031848bc6ad0..., userDataDir: C:\Users\DELL\AppData\Local...}, fedcm:accounts: true, goog:chromeOptions: {debuggerAddress: localhost:54099}, networkConnectionEnabled: false, pageLoadStrategy: normal, platformName: windows, proxy: Proxy(), se:cdp: ws://localhost:54099/devtoo..., se:cdpVersion: 136.0.7103.48, setWindowRect: true, strictFileInteractability: false, timeouts: {implicit: 0, pageLoad: 300000, script: 30000}, unhandledPromptBehavior: dismiss and notify, webauthn:extension:credBlob: true, webauthn:extension:largeBlob: true, webauthn:extension:minPinLength: true, webauthn:extension:prf: true, webauthn:virtualAuthenticators: true}
Session ID: c072116e0ce423b1538939bb12cfab4d
	at org.openqa.selenium.remote.codec.w3c.W3CHttpResponseCodec.createException(W3CHttpResponseCodec.java:200)
	at org.openqa.selenium.remote.codec.w3c.W3CHttpResponseCodec.decode(W3CHttpResponseCodec.java:133)
	at org.openqa.selenium.remote.codec.w3c.W3CHttpResponseCodec.decode(W3CHttpResponseCodec.java:52)
	at org.openqa.selenium.remote.HttpCommandExecutor.execute(HttpCommandExecutor.java:191)
	at org.openqa.selenium.remote.service.DriverCommandExecutor.invokeExecute(DriverCommandExecutor.java:196)
	at org.openqa.selenium.remote.service.DriverCommandExecutor.execute(DriverCommandExecutor.java:171)
	at org.openqa.selenium.remote.RemoteWebDriver.execute(RemoteWebDriver.java:602)
	at org.openqa.selenium.remote.RemoteWebDriver.get(RemoteWebDriver.java:304)
	at genericrepository.BasicConfiguration.browserSetup(BasicConfiguration.java:58)
	at java.base/java.util.ArrayList.forEach(ArrayList.java:1597)
... Removed 26 stack frames</div></td></tr></table><p class="totop"><a href="#summary">back to summary</a></p>
<h3 id="m9">producttest.TestCase_01#RegisterUser</h3><table class="result"><tr><th>Messages</th></tr><tr><td><div class="messages">user is registered</div></td></tr></table><p class="totop"><a href="#summary">back to summary</a></p>
<h3 id="m10">producttest.TestCase_02#login_with_valid_credentials</h3><table class="result"><tr><th>Messages</th></tr><tr><td><div class="messages">user is logged in with valid credentilas</div></td></tr></table><p class="totop"><a href="#summary">back to summary</a></p>
<h3 id="m11">producttest.TestCase_03#login_with_invalid_credentials</h3><table class="result"><tr><th>Messages</th></tr><tr><td><div class="messages">login_with_invalid_credentials</div></td></tr></table><p class="totop"><a href="#summary">back to summary</a></p>
<h3 id="m12">producttest.TestCase_04#logout</h3><table class="result"><tr><th>Messages</th></tr><tr><td><div class="messages">user  is logged out</div></td></tr></table><p class="totop"><a href="#summary">back to summary</a></p>
<h3 id="m13">producttest.TestCase_05#Register_with_exist_email</h3><table class="result"><tr><th class="invisible"/></tr></table><p class="totop"><a href="#summary">back to summary</a></p>
<h3 id="m14">producttest.TestCase_06#ContactUsForm</h3><table class="result"><tr><th>Messages</th></tr><tr><td><div class="messages">contact form is created</div></td></tr></table><p class="totop"><a href="#summary">back to summary</a></p>
<h3 id="m15">producttest.TestCase_07#testcasepage</h3><table class="result"><tr><th>Messages</th></tr><tr><td><div class="messages">contact form is created</div></td></tr></table><p class="totop"><a href="#summary">back to summary</a></p>
<h3 id="m16">producttest.TestCase_08#allproductdetails</h3><table class="result"><tr><th>Messages</th></tr><tr><td><div class="messages">contact form is created</div></td></tr></table><p class="totop"><a href="#summary">back to summary</a></p>
<h3 id="m17">producttest.TestCase_09#searchproduct</h3><table class="result"><tr><th>Messages</th></tr><tr><td><div class="messages">product is searched</div></td></tr></table><p class="totop"><a href="#summary">back to summary</a></p>
<h3 id="m18">producttest.TestCase_12#addProductInCart</h3><table class="result"><tr><th class="invisible"/></tr></table><p class="totop"><a href="#summary">back to summary</a></p>
<h3 id="m19">producttest.TestCase_15#RegisterbeforeCheckout</h3><table class="result"><tr><th>Messages</th></tr><tr><td><div class="messages">checkout</div></td></tr></table><p class="totop"><a href="#summary">back to summary</a></p>
<h3 id="m20">producttest.TestCase_16#LoginbeforeCheckout</h3><table class="result"><tr><th>Messages</th></tr><tr><td><div class="messages">checkout</div></td></tr></table><p class="totop"><a href="#summary">back to summary</a></p>
<h3 id="m21">producttest.TestCase_17#RemoveProductsFromCart</h3><table class="result"><tr><th>Messages</th></tr><tr><td><div class="messages">remove product</div></td></tr></table><p class="totop"><a href="#summary">back to summary</a></p>
<h3 id="m22">producttest.TestCase_18#ViewCategoryProducts</h3><table class="result"><tr><th>Messages</th></tr><tr><td><div class="messages">verify products</div></td></tr></table><p class="totop"><a href="#summary">back to summary</a></p>
<h3 id="m23">producttest.TestCase_19#ViewCartBrandProducts</h3><table class="result"><tr><th>Messages</th></tr><tr><td><div class="messages">viewcart</div></td></tr></table><p class="totop"><a href="#summary">back to summary</a></p>
<h3 id="m24">producttest.TestCase_20#SearchProductsandVerifyCartAfterLogin</h3><table class="result"><tr><th>Messages</th></tr><tr><td><div class="messages">viewcart</div></td></tr></table><p class="totop"><a href="#summary">back to summary</a></p>
<h3 id="m25">producttest.TestCase_21#Addreviewonproduct</h3><table class="result"><tr><th>Messages</th></tr><tr><td><div class="messages">Test Case 21: Add review on product</div></td></tr></table><p class="totop"><a href="#summary">back to summary</a></p>
<h3 id="m26">producttest.TestCase_24#DownloadInvoiceafterpurchaseorder</h3><table class="result"><tr><th class="invisible"/></tr></table><p class="totop"><a href="#summary">back to summary</a></p>
<h3 id="m27">producttest.TestCase_25#m1</h3><table class="result"><tr><th class="invisible"/></tr></table><p class="totop"><a href="#summary">back to summary</a></p>
<h3 id="m28">producttest.TestCase_26#VerifyScrollUpwithoutArrowbuttonandScrollDownfunctionality</h3><table class="result"><tr><th class="invisible"/></tr></table><p class="totop"><a href="#summary">back to summary</a></p>
</body>
</html>
